<?xml version="1.0" encoding="UTF-8"?>
<!-- Generated by org.testng.reporters.JUnitXMLReporter -->
<testsuite ignored="0" hostname="DESKTOP-PT92EGI" failures="0" tests="3" name="Default test" time="0.076" errors="0" timestamp="2024-07-09T06:27:31 IST">
  <testcase classname="WebElement.TestNG1" name="Login" time="0.009"/>
  <testcase classname="WebElement.TestNG1" name="close" time="0.003"/>
  <testcase classname="WebElement.TestNG1" name="open" time="0.002"/>
</testsuite> <!-- Default test -->
