<?xml version="1.0" encoding="UTF-8"?>
<testng-results ignored="0" total="3" passed="3" failed="0" skipped="0">
  <reporter-output>
  </reporter-output>
  <suite started-at="2024-07-09T06:27:31 IST" name="Default suite" finished-at="2024-07-09T06:27:31 IST" duration-ms="76">
    <groups>
    </groups>
    <test started-at="2024-07-09T06:27:31 IST" name="Default test" finished-at="2024-07-09T06:27:31 IST" duration-ms="76">
      <class name="WebElement.TestNG1">
        <test-method signature="Login()[pri:0, instance:WebElement.TestNG1@72e5a8e]" started-at="2024-07-09T06:27:31 IST" name="Login" finished-at="2024-07-09T06:27:31 IST" duration-ms="9" status="PASS">
          <reporter-output>
          </reporter-output>
        </test-method> <!-- Login -->
        <test-method signature="close()[pri:0, instance:WebElement.TestNG1@72e5a8e]" started-at="2024-07-09T06:27:31 IST" name="close" finished-at="2024-07-09T06:27:31 IST" duration-ms="3" status="PASS">
          <reporter-output>
          </reporter-output>
        </test-method> <!-- close -->
        <test-method signature="open()[pri:0, instance:WebElement.TestNG1@72e5a8e]" started-at="2024-07-09T06:27:31 IST" name="open" finished-at="2024-07-09T06:27:31 IST" duration-ms="2" status="PASS">
          <reporter-output>
          </reporter-output>
        </test-method> <!-- open -->
      </class> <!-- WebElement.TestNG1 -->
    </test> <!-- Default test -->
  </suite> <!-- Default suite -->
</testng-results>
